<testsuites id="" name="" tests="21" failures="0" skipped="21" errors="0" time="0.03227599999999995">
<testsuite name="app.spec.ts" timestamp="2025-08-30T09:00:58.160Z" hostname="chromium" tests="6" failures="0" skipped="6" time="0" errors="0">
<testcase name="ZheroHero AI Chat Interface › should load the homepage" classname="app.spec.ts" time="0">
<skipped>
</skipped>
</testcase>
<testcase name="ZheroHero AI Chat Interface › should display new chat buttons" classname="app.spec.ts" time="0">
<skipped>
</skipped>
</testcase>
<testcase name="ZheroHero AI Chat Interface › should navigate to models page" classname="app.spec.ts" time="0">
<skipped>
</skipped>
</testcase>
<testcase name="ZheroHero AI Chat Interface › should navigate to MCP servers page" classname="app.spec.ts" time="0">
<skipped>
</skipped>
</testcase>
<testcase name="ZheroHero AI Chat Interface › should have working theme toggle" classname="app.spec.ts" time="0">
<skipped>
</skipped>
</testcase>
<testcase name="ZheroHero AI Chat Interface › should display sidebar navigation" classname="app.spec.ts" time="0">
<skipped>
</skipped>
</testcase>
</testsuite>
<testsuite name="basic.spec.ts" timestamp="2025-08-30T09:00:58.160Z" hostname="chromium" tests="4" failures="0" skipped="4" time="0" errors="0">
<testcase name="Basic Application Tests › should load the homepage" classname="basic.spec.ts" time="0">
<skipped>
</skipped>
</testcase>
<testcase name="Basic Application Tests › should have working navigation" classname="basic.spec.ts" time="0">
<skipped>
</skipped>
</testcase>
<testcase name="Basic Application Tests › should load models page directly" classname="basic.spec.ts" time="0">
<skipped>
</skipped>
</testcase>
<testcase name="Basic Application Tests › should load MCP servers page directly" classname="basic.spec.ts" time="0">
<skipped>
</skipped>
</testcase>
</testsuite>
<testsuite name="mcp-servers.spec.ts" timestamp="2025-08-30T09:00:58.160Z" hostname="chromium" tests="6" failures="0" skipped="6" time="0" errors="0">
<testcase name="MCP Servers Page › should display MCP servers page" classname="mcp-servers.spec.ts" time="0">
<skipped>
</skipped>
</testcase>
<testcase name="MCP Servers Page › should display MCP server tabs" classname="mcp-servers.spec.ts" time="0">
<skipped>
</skipped>
</testcase>
<testcase name="MCP Servers Page › should display Tavily Search server" classname="mcp-servers.spec.ts" time="0">
<skipped>
</skipped>
</testcase>
<testcase name="MCP Servers Page › should show server status indicators" classname="mcp-servers.spec.ts" time="0">
<skipped>
</skipped>
</testcase>
<testcase name="MCP Servers Page › should switch to custom servers tab" classname="mcp-servers.spec.ts" time="0">
<skipped>
</skipped>
</testcase>
<testcase name="MCP Servers Page › should display info banner" classname="mcp-servers.spec.ts" time="0">
<skipped>
</skipped>
</testcase>
</testsuite>
<testsuite name="models.spec.ts" timestamp="2025-08-30T09:00:58.160Z" hostname="chromium" tests="5" failures="0" skipped="5" time="0" errors="0">
<testcase name="Models Page › should display model tabs" classname="models.spec.ts" time="0">
<skipped>
</skipped>
</testcase>
<testcase name="Models Page › should display model providers" classname="models.spec.ts" time="0">
<skipped>
</skipped>
</testcase>
<testcase name="Models Page › should display model cards" classname="models.spec.ts" time="0">
<skipped>
</skipped>
</testcase>
<testcase name="Models Page › should show model details" classname="models.spec.ts" time="0">
<skipped>
</skipped>
</testcase>
<testcase name="Models Page › should switch between model tabs" classname="models.spec.ts" time="0">
<skipped>
</skipped>
</testcase>
</testsuite>
</testsuites>